  [1m[36m (2.0ms)[0m  [1mCREATE TABLE "schema_migrations" ("version" varchar NOT NULL) [0m
  [1m[35m (0.1ms)[0m  select sqlite_version(*)
  [1m[36m (0.9ms)[0m  [1mCREATE UNIQUE INDEX "unique_schema_migrations" ON "schema_migrations" ("version")[0m
  [1m[35mActiveRecord::SchemaMigration Load (0.1ms)[0m  SELECT "schema_migrations".* FROM "schema_migrations"
Migrating to CreatePortfolioTables (20150714235507)
  [1m[36m (0.1ms)[0m  [1mbegin transaction[0m
  [1m[35m (0.4ms)[0m  CREATE TABLE "portfolio_sites" ("id" INTEGER PRIMARY KEY AUTOINCREMENT NOT NULL, "key" varchar NOT NULL, "person_name" varchar NOT NULL, "job_title" varchar NOT NULL, "greetings" varchar, "summary" text, "email" varchar, "default" boolean DEFAULT 'f', "avatar_file_name" varchar, "avatar_content_type" varchar, "avatar_file_size" integer, "avatar_updated_at" datetime, "created_at" datetime NOT NULL, "updated_at" datetime NOT NULL) 
  [1m[36m (0.1ms)[0m  [1mCREATE  INDEX "index_portfolio_sites_on_key" ON "portfolio_sites" ("key")[0m
  [1m[35m (0.1ms)[0m  CREATE TABLE "portfolio_site_item_types" ("id" INTEGER PRIMARY KEY AUTOINCREMENT NOT NULL, "name" varchar NOT NULL, "created_at" datetime NOT NULL, "updated_at" datetime NOT NULL) 
  [1m[36m (0.1ms)[0m  [1mCREATE  INDEX "index_portfolio_site_item_types_on_name" ON "portfolio_site_item_types" ("name")[0m
  [1m[35m (0.1ms)[0m  CREATE TABLE "portfolio_social_links" ("id" INTEGER PRIMARY KEY AUTOINCREMENT NOT NULL, "name" varchar, "url_pattern" varchar, "image_file_name" varchar, "image_content_type" varchar, "image_file_size" integer, "image_updated_at" datetime, "created_at" datetime NOT NULL, "updated_at" datetime NOT NULL) 
  [1m[36m (0.1ms)[0m  [1mCREATE TABLE "portfolio_site_social_links" ("id" INTEGER PRIMARY KEY AUTOINCREMENT NOT NULL, "site_id" integer, "social_link_id" integer, "user_name" varchar, "created_at" datetime NOT NULL, "updated_at" datetime NOT NULL) [0m
  [1m[35m (0.1ms)[0m  CREATE  INDEX "index_portfolio_site_social_links_on_site_id" ON "portfolio_site_social_links" ("site_id")
  [1m[36m (0.1ms)[0m  [1m            SELECT sql
            FROM sqlite_master
            WHERE name='index_portfolio_site_social_links_on_site_id' AND type='index'
            UNION ALL
            SELECT sql
            FROM sqlite_temp_master
            WHERE name='index_portfolio_site_social_links_on_site_id' AND type='index'
[0m
  [1m[35m (0.1ms)[0m  CREATE  INDEX "index_portfolio_site_social_links_on_social_link_id" ON "portfolio_site_social_links" ("social_link_id")
  [1m[36m (0.1ms)[0m  [1mCREATE TABLE "portfolio_site_menu_links" ("id" INTEGER PRIMARY KEY AUTOINCREMENT NOT NULL, "site_id" integer, "name" varchar, "url" varchar, "created_at" datetime NOT NULL, "updated_at" datetime NOT NULL) [0m
  [1m[35m (0.1ms)[0m  CREATE  INDEX "index_portfolio_site_menu_links_on_site_id" ON "portfolio_site_menu_links" ("site_id")
  [1m[36m (0.1ms)[0m  [1mCREATE TABLE "portfolio_site_items" ("id" INTEGER PRIMARY KEY AUTOINCREMENT NOT NULL, "site_id" integer NOT NULL, "site_item_type_id" integer NOT NULL, "title" varchar, "body" text, "url" varchar, "created_at" datetime NOT NULL, "updated_at" datetime NOT NULL) [0m
  [1m[35m (0.1ms)[0m  CREATE  INDEX "index_portfolio_site_items_on_site_id" ON "portfolio_site_items" ("site_id")
  [1m[36m (0.0ms)[0m  [1m            SELECT sql
            FROM sqlite_master
            WHERE name='index_portfolio_site_items_on_site_id' AND type='index'
            UNION ALL
            SELECT sql
            FROM sqlite_temp_master
            WHERE name='index_portfolio_site_items_on_site_id' AND type='index'
[0m
  [1m[35m (0.1ms)[0m  CREATE  INDEX "index_portfolio_site_items_on_site_item_type_id" ON "portfolio_site_items" ("site_item_type_id")
  [1m[36m (0.1ms)[0m  [1mCREATE TABLE "portfolio_site_item_images" ("id" INTEGER PRIMARY KEY AUTOINCREMENT NOT NULL, "site_item_id" integer, "image_file_name" varchar, "image_content_type" varchar, "image_file_size" integer, "image_updated_at" datetime, "default" boolean DEFAULT 'f', "created_at" datetime NOT NULL, "updated_at" datetime NOT NULL) [0m
  [1m[35m (0.1ms)[0m  CREATE  INDEX "index_portfolio_site_item_images_on_site_item_id" ON "portfolio_site_item_images" ("site_item_id")
Command :: file -b --mime '/var/folders/c0/cg02vc3x0k506hx79h_yz73m0000gn/T/bf215181b5140522137b3d4f6b73544a20160126-41765-1guvv97.png'
Command :: identify -format '%wx%h,%[exif:orientation]' '/var/folders/c0/cg02vc3x0k506hx79h_yz73m0000gn/T/bf215181b5140522137b3d4f6b73544a20160126-41765-vndx0.png[0]' 2>/dev/null
Command :: identify -format %m '/var/folders/c0/cg02vc3x0k506hx79h_yz73m0000gn/T/bf215181b5140522137b3d4f6b73544a20160126-41765-vndx0.png[0]'
Command :: convert '/var/folders/c0/cg02vc3x0k506hx79h_yz73m0000gn/T/bf215181b5140522137b3d4f6b73544a20160126-41765-vndx0.png[0]' -auto-orient -resize "32x32>" '/var/folders/c0/cg02vc3x0k506hx79h_yz73m0000gn/T/fca6afd4c72a498ff9d9cb53b777333220160126-41765-1v3jm6u'
Command :: identify -format '%wx%h,%[exif:orientation]' '/var/folders/c0/cg02vc3x0k506hx79h_yz73m0000gn/T/bf215181b5140522137b3d4f6b73544a20160126-41765-vndx0.png[0]' 2>/dev/null
Command :: identify -format %m '/var/folders/c0/cg02vc3x0k506hx79h_yz73m0000gn/T/bf215181b5140522137b3d4f6b73544a20160126-41765-vndx0.png[0]'
Command :: convert '/var/folders/c0/cg02vc3x0k506hx79h_yz73m0000gn/T/bf215181b5140522137b3d4f6b73544a20160126-41765-vndx0.png[0]' -auto-orient -resize "64x64>" '/var/folders/c0/cg02vc3x0k506hx79h_yz73m0000gn/T/fca6afd4c72a498ff9d9cb53b777333220160126-41765-87fyqh'
Command :: file -b --mime '/var/folders/c0/cg02vc3x0k506hx79h_yz73m0000gn/T/bf215181b5140522137b3d4f6b73544a20160126-41765-gryuuk.png'
  [1m[36mSQL (0.2ms)[0m  [1mINSERT INTO "portfolio_social_links" ("name", "url_pattern", "image_file_name", "image_content_type", "image_file_size", "image_updated_at", "created_at", "updated_at") VALUES (?, ?, ?, ?, ?, ?, ?, ?)[0m  [["name", "Github"], ["url_pattern", "http://github.com/[user_name]"], ["image_file_name", "github.png"], ["image_content_type", "image/png"], ["image_file_size", 1609], ["image_updated_at", "2016-01-26 15:02:55.746787"], ["created_at", "2016-01-26 15:02:55.851639"], ["updated_at", "2016-01-26 15:02:55.851639"]]
Command :: file -b --mime '/var/folders/c0/cg02vc3x0k506hx79h_yz73m0000gn/T/b73c2d22763d1ce2143a3755c1d0ad3a20160126-41765-1ni2vct.png'
Command :: identify -format '%wx%h,%[exif:orientation]' '/var/folders/c0/cg02vc3x0k506hx79h_yz73m0000gn/T/b73c2d22763d1ce2143a3755c1d0ad3a20160126-41765-1c543yp.png[0]' 2>/dev/null
Command :: identify -format %m '/var/folders/c0/cg02vc3x0k506hx79h_yz73m0000gn/T/b73c2d22763d1ce2143a3755c1d0ad3a20160126-41765-1c543yp.png[0]'
Command :: convert '/var/folders/c0/cg02vc3x0k506hx79h_yz73m0000gn/T/b73c2d22763d1ce2143a3755c1d0ad3a20160126-41765-1c543yp.png[0]' -auto-orient -resize "32x32>" '/var/folders/c0/cg02vc3x0k506hx79h_yz73m0000gn/T/72a74b6f0b32c192a459f87af996f7cc20160126-41765-bdnv05'
Command :: identify -format '%wx%h,%[exif:orientation]' '/var/folders/c0/cg02vc3x0k506hx79h_yz73m0000gn/T/b73c2d22763d1ce2143a3755c1d0ad3a20160126-41765-1c543yp.png[0]' 2>/dev/null
Command :: identify -format %m '/var/folders/c0/cg02vc3x0k506hx79h_yz73m0000gn/T/b73c2d22763d1ce2143a3755c1d0ad3a20160126-41765-1c543yp.png[0]'
Command :: convert '/var/folders/c0/cg02vc3x0k506hx79h_yz73m0000gn/T/b73c2d22763d1ce2143a3755c1d0ad3a20160126-41765-1c543yp.png[0]' -auto-orient -resize "64x64>" '/var/folders/c0/cg02vc3x0k506hx79h_yz73m0000gn/T/72a74b6f0b32c192a459f87af996f7cc20160126-41765-hrnhen'
Command :: file -b --mime '/var/folders/c0/cg02vc3x0k506hx79h_yz73m0000gn/T/b73c2d22763d1ce2143a3755c1d0ad3a20160126-41765-tm6j4z.png'
  [1m[35mSQL (0.1ms)[0m  INSERT INTO "portfolio_social_links" ("name", "url_pattern", "image_file_name", "image_content_type", "image_file_size", "image_updated_at", "created_at", "updated_at") VALUES (?, ?, ?, ?, ?, ?, ?, ?)  [["name", "Twitter"], ["url_pattern", "http://twitter.com/[user_name]"], ["image_file_name", "twitter.png"], ["image_content_type", "image/png"], ["image_file_size", 1085], ["image_updated_at", "2016-01-26 15:02:55.866148"], ["created_at", "2016-01-26 15:02:55.978475"], ["updated_at", "2016-01-26 15:02:55.978475"]]
Command :: file -b --mime '/var/folders/c0/cg02vc3x0k506hx79h_yz73m0000gn/T/f1576406b382b7d1c8c2607f7c563d4f20160126-41765-1mdq6uq.png'
Command :: identify -format '%wx%h,%[exif:orientation]' '/var/folders/c0/cg02vc3x0k506hx79h_yz73m0000gn/T/f1576406b382b7d1c8c2607f7c563d4f20160126-41765-5pj0bq.png[0]' 2>/dev/null
Command :: identify -format %m '/var/folders/c0/cg02vc3x0k506hx79h_yz73m0000gn/T/f1576406b382b7d1c8c2607f7c563d4f20160126-41765-5pj0bq.png[0]'
Command :: convert '/var/folders/c0/cg02vc3x0k506hx79h_yz73m0000gn/T/f1576406b382b7d1c8c2607f7c563d4f20160126-41765-5pj0bq.png[0]' -auto-orient -resize "32x32>" '/var/folders/c0/cg02vc3x0k506hx79h_yz73m0000gn/T/a9663ccbf4849231fe269b9f99b8e8af20160126-41765-1sqocal'
Command :: identify -format '%wx%h,%[exif:orientation]' '/var/folders/c0/cg02vc3x0k506hx79h_yz73m0000gn/T/f1576406b382b7d1c8c2607f7c563d4f20160126-41765-5pj0bq.png[0]' 2>/dev/null
Command :: identify -format %m '/var/folders/c0/cg02vc3x0k506hx79h_yz73m0000gn/T/f1576406b382b7d1c8c2607f7c563d4f20160126-41765-5pj0bq.png[0]'
Command :: convert '/var/folders/c0/cg02vc3x0k506hx79h_yz73m0000gn/T/f1576406b382b7d1c8c2607f7c563d4f20160126-41765-5pj0bq.png[0]' -auto-orient -resize "64x64>" '/var/folders/c0/cg02vc3x0k506hx79h_yz73m0000gn/T/a9663ccbf4849231fe269b9f99b8e8af20160126-41765-1rsajmz'
Command :: file -b --mime '/var/folders/c0/cg02vc3x0k506hx79h_yz73m0000gn/T/f1576406b382b7d1c8c2607f7c563d4f20160126-41765-3bjoom.png'
  [1m[36mSQL (0.1ms)[0m  [1mINSERT INTO "portfolio_social_links" ("name", "url_pattern", "image_file_name", "image_content_type", "image_file_size", "image_updated_at", "created_at", "updated_at") VALUES (?, ?, ?, ?, ?, ?, ?, ?)[0m  [["name", "Linkedin"], ["url_pattern", "http://www.linkedin.com/in/[user_name]"], ["image_file_name", "linkedin.png"], ["image_content_type", "image/png"], ["image_file_size", 959], ["image_updated_at", "2016-01-26 15:02:55.990548"], ["created_at", "2016-01-26 15:02:56.098425"], ["updated_at", "2016-01-26 15:02:56.098425"]]
  [1m[35mSQL (0.1ms)[0m  INSERT INTO "portfolio_site_item_types" ("name", "created_at", "updated_at") VALUES (?, ?, ?)  [["name", "projects"], ["created_at", "2016-01-26 15:02:56.121558"], ["updated_at", "2016-01-26 15:02:56.121558"]]
  [1m[36mSQL (0.1ms)[0m  [1mINSERT INTO "schema_migrations" ("version") VALUES (?)[0m  [["version", "20150714235507"]]
  [1m[35m (0.7ms)[0m  commit transaction
Migrating to DeviseCreatePortfolioAdminUsers (20150916001106)
  [1m[36m (0.1ms)[0m  [1mbegin transaction[0m
  [1m[35m (0.3ms)[0m  CREATE TABLE "portfolio_admin_users" ("id" INTEGER PRIMARY KEY AUTOINCREMENT NOT NULL, "email" varchar DEFAULT '' NOT NULL, "encrypted_password" varchar DEFAULT '' NOT NULL, "reset_password_token" varchar, "reset_password_sent_at" datetime, "remember_created_at" datetime, "sign_in_count" integer DEFAULT 0 NOT NULL, "current_sign_in_at" datetime, "last_sign_in_at" datetime, "current_sign_in_ip" varchar, "last_sign_in_ip" varchar, "created_at" datetime NOT NULL, "updated_at" datetime NOT NULL) 
  [1m[36m (0.3ms)[0m  [1mCREATE UNIQUE INDEX "index_portfolio_admin_users_on_email" ON "portfolio_admin_users" ("email")[0m
  [1m[35m (0.0ms)[0m              SELECT sql
            FROM sqlite_master
            WHERE name='index_portfolio_admin_users_on_email' AND type='index'
            UNION ALL
            SELECT sql
            FROM sqlite_temp_master
            WHERE name='index_portfolio_admin_users_on_email' AND type='index'

  [1m[36m (0.1ms)[0m  [1mCREATE UNIQUE INDEX "index_portfolio_admin_users_on_reset_password_token" ON "portfolio_admin_users" ("reset_password_token")[0m
  [1m[35mSQL (0.1ms)[0m  INSERT INTO "schema_migrations" ("version") VALUES (?)  [["version", "20150916001106"]]
  [1m[36m (0.6ms)[0m  [1mcommit transaction[0m
Migrating to CreatePortfolioAdminSiteItemCategories (20151124202355)
  [1m[35m (0.1ms)[0m  begin transaction
  [1m[36m (0.3ms)[0m  [1mCREATE TABLE "portfolio_site_item_categories" ("id" INTEGER PRIMARY KEY AUTOINCREMENT NOT NULL, "key" varchar, "name" varchar, "created_at" datetime NOT NULL, "updated_at" datetime NOT NULL) [0m
  [1m[35mSQL (0.1ms)[0m  INSERT INTO "schema_migrations" ("version") VALUES (?)  [["version", "20151124202355"]]
  [1m[36m (0.5ms)[0m  [1mcommit transaction[0m
Migrating to AddSiteItemCategoryIdToSiteItem (20151124210602)
  [1m[35m (0.0ms)[0m  begin transaction
  [1m[36m (0.4ms)[0m  [1mALTER TABLE "portfolio_site_items" ADD "site_item_category_id" integer[0m
  [1m[35mSQL (0.2ms)[0m  INSERT INTO "schema_migrations" ("version") VALUES (?)  [["version", "20151124210602"]]
  [1m[36m (0.6ms)[0m  [1mcommit transaction[0m
Migrating to AddFeaturedToSiteItem (20151125132700)
  [1m[35m (0.1ms)[0m  begin transaction
  [1m[36m (0.4ms)[0m  [1mALTER TABLE "portfolio_site_items" ADD "featured" boolean DEFAULT 'f'[0m
  [1m[35mSQL (0.2ms)[0m  INSERT INTO "schema_migrations" ("version") VALUES (?)  [["version", "20151125132700"]]
  [1m[36m (1.1ms)[0m  [1mcommit transaction[0m
Migrating to CreatePortfolioSiteItemTags (20151125141154)
  [1m[35m (0.1ms)[0m  begin transaction
  [1m[36m (0.4ms)[0m  [1mCREATE TABLE "portfolio_site_item_tags" ("id" INTEGER PRIMARY KEY AUTOINCREMENT NOT NULL, "key" varchar, "name" varchar, "created_at" datetime NOT NULL, "updated_at" datetime NOT NULL) [0m
  [1m[35mSQL (0.1ms)[0m  INSERT INTO "schema_migrations" ("version") VALUES (?)  [["version", "20151125141154"]]
  [1m[36m (0.6ms)[0m  [1mcommit transaction[0m
Migrating to CreatePortfolioSiteItemTagsItems (20151125151535)
  [1m[35m (0.1ms)[0m  begin transaction
  [1m[36m (0.3ms)[0m  [1mCREATE TABLE "portfolio_site_item_tags_items" ("site_item_id" integer, "site_item_tag_id" integer) [0m
  [1m[35m (0.1ms)[0m  CREATE  INDEX "index_portfolio_site_item_tags_items_on_site_item_id" ON "portfolio_site_item_tags_items" ("site_item_id")
  [1m[36m (0.1ms)[0m  [1m            SELECT sql
            FROM sqlite_master
            WHERE name='index_portfolio_site_item_tags_items_on_site_item_id' AND type='index'
            UNION ALL
            SELECT sql
            FROM sqlite_temp_master
            WHERE name='index_portfolio_site_item_tags_items_on_site_item_id' AND type='index'
[0m
  [1m[35m (0.1ms)[0m  CREATE  INDEX "index_portfolio_site_item_tags_items_on_site_item_tag_id" ON "portfolio_site_item_tags_items" ("site_item_tag_id")
  [1m[36mSQL (1.5ms)[0m  [1mINSERT INTO "schema_migrations" ("version") VALUES (?)[0m  [["version", "20151125151535"]]
  [1m[35m (0.7ms)[0m  commit transaction
Migrating to AddPublicToPortfolioSiteItem (20151203105347)
  [1m[36m (0.0ms)[0m  [1mbegin transaction[0m
  [1m[35m (0.4ms)[0m  ALTER TABLE "portfolio_site_items" ADD "public" boolean DEFAULT 'f'
  [1m[36mSQL (0.1ms)[0m  [1mINSERT INTO "schema_migrations" ("version") VALUES (?)[0m  [["version", "20151203105347"]]
  [1m[35m (0.5ms)[0m  commit transaction
  [1m[36mActiveRecord::SchemaMigration Load (0.1ms)[0m  [1mSELECT "schema_migrations".* FROM "schema_migrations"[0m
  [1m[35m (0.1ms)[0m              SELECT sql
            FROM sqlite_master
            WHERE name='index_portfolio_admin_users_on_reset_password_token' AND type='index'
            UNION ALL
            SELECT sql
            FROM sqlite_temp_master
            WHERE name='index_portfolio_admin_users_on_reset_password_token' AND type='index'

  [1m[36m (0.1ms)[0m  [1m            SELECT sql
            FROM sqlite_master
            WHERE name='index_portfolio_admin_users_on_email' AND type='index'
            UNION ALL
            SELECT sql
            FROM sqlite_temp_master
            WHERE name='index_portfolio_admin_users_on_email' AND type='index'
[0m
  [1m[35m (0.1ms)[0m              SELECT sql
            FROM sqlite_master
            WHERE name='index_portfolio_site_item_images_on_site_item_id' AND type='index'
            UNION ALL
            SELECT sql
            FROM sqlite_temp_master
            WHERE name='index_portfolio_site_item_images_on_site_item_id' AND type='index'

  [1m[36m (0.2ms)[0m  [1m            SELECT sql
            FROM sqlite_master
            WHERE name='index_portfolio_site_item_tags_items_on_site_item_tag_id' AND type='index'
            UNION ALL
            SELECT sql
            FROM sqlite_temp_master
            WHERE name='index_portfolio_site_item_tags_items_on_site_item_tag_id' AND type='index'
[0m
  [1m[35m (0.2ms)[0m              SELECT sql
            FROM sqlite_master
            WHERE name='index_portfolio_site_item_tags_items_on_site_item_id' AND type='index'
            UNION ALL
            SELECT sql
            FROM sqlite_temp_master
            WHERE name='index_portfolio_site_item_tags_items_on_site_item_id' AND type='index'

  [1m[36m (0.1ms)[0m  [1m            SELECT sql
            FROM sqlite_master
            WHERE name='index_portfolio_site_item_types_on_name' AND type='index'
            UNION ALL
            SELECT sql
            FROM sqlite_temp_master
            WHERE name='index_portfolio_site_item_types_on_name' AND type='index'
[0m
  [1m[35m (0.5ms)[0m              SELECT sql
            FROM sqlite_master
            WHERE name='index_portfolio_site_items_on_site_item_type_id' AND type='index'
            UNION ALL
            SELECT sql
            FROM sqlite_temp_master
            WHERE name='index_portfolio_site_items_on_site_item_type_id' AND type='index'

  [1m[36m (0.4ms)[0m  [1m            SELECT sql
            FROM sqlite_master
            WHERE name='index_portfolio_site_items_on_site_id' AND type='index'
            UNION ALL
            SELECT sql
            FROM sqlite_temp_master
            WHERE name='index_portfolio_site_items_on_site_id' AND type='index'
[0m
  [1m[35m (0.1ms)[0m              SELECT sql
            FROM sqlite_master
            WHERE name='index_portfolio_site_menu_links_on_site_id' AND type='index'
            UNION ALL
            SELECT sql
            FROM sqlite_temp_master
            WHERE name='index_portfolio_site_menu_links_on_site_id' AND type='index'

  [1m[36m (0.1ms)[0m  [1m            SELECT sql
            FROM sqlite_master
            WHERE name='index_portfolio_site_social_links_on_social_link_id' AND type='index'
            UNION ALL
            SELECT sql
            FROM sqlite_temp_master
            WHERE name='index_portfolio_site_social_links_on_social_link_id' AND type='index'
[0m
  [1m[35m (0.1ms)[0m              SELECT sql
            FROM sqlite_master
            WHERE name='index_portfolio_site_social_links_on_site_id' AND type='index'
            UNION ALL
            SELECT sql
            FROM sqlite_temp_master
            WHERE name='index_portfolio_site_social_links_on_site_id' AND type='index'

  [1m[36m (0.1ms)[0m  [1m            SELECT sql
            FROM sqlite_master
            WHERE name='index_portfolio_sites_on_key' AND type='index'
            UNION ALL
            SELECT sql
            FROM sqlite_temp_master
            WHERE name='index_portfolio_sites_on_key' AND type='index'
[0m
  [1m[36m (2.1ms)[0m  [1mCREATE TABLE "portfolio_admin_users" ("id" INTEGER PRIMARY KEY AUTOINCREMENT NOT NULL, "email" varchar DEFAULT '' NOT NULL, "encrypted_password" varchar DEFAULT '' NOT NULL, "reset_password_token" varchar, "reset_password_sent_at" datetime, "remember_created_at" datetime, "sign_in_count" integer DEFAULT 0 NOT NULL, "current_sign_in_at" datetime, "last_sign_in_at" datetime, "current_sign_in_ip" varchar, "last_sign_in_ip" varchar, "created_at" datetime NOT NULL, "updated_at" datetime NOT NULL) [0m
  [1m[35m (0.1ms)[0m  select sqlite_version(*)
  [1m[36m (0.8ms)[0m  [1mCREATE UNIQUE INDEX "index_portfolio_admin_users_on_email" ON "portfolio_admin_users" ("email")[0m
  [1m[35m (0.1ms)[0m              SELECT sql
            FROM sqlite_master
            WHERE name='index_portfolio_admin_users_on_email' AND type='index'
            UNION ALL
            SELECT sql
            FROM sqlite_temp_master
            WHERE name='index_portfolio_admin_users_on_email' AND type='index'

  [1m[36m (0.8ms)[0m  [1mCREATE UNIQUE INDEX "index_portfolio_admin_users_on_reset_password_token" ON "portfolio_admin_users" ("reset_password_token")[0m
  [1m[35m (0.5ms)[0m  CREATE TABLE "portfolio_site_item_categories" ("id" INTEGER PRIMARY KEY AUTOINCREMENT NOT NULL, "key" varchar, "name" varchar, "created_at" datetime NOT NULL, "updated_at" datetime NOT NULL) 
  [1m[36m (0.8ms)[0m  [1mCREATE TABLE "portfolio_site_item_images" ("id" INTEGER PRIMARY KEY AUTOINCREMENT NOT NULL, "site_item_id" integer, "image_file_name" varchar, "image_content_type" varchar, "image_file_size" integer, "image_updated_at" datetime, "default" boolean DEFAULT 'f', "created_at" datetime NOT NULL, "updated_at" datetime NOT NULL) [0m
  [1m[35m (0.5ms)[0m  CREATE  INDEX "index_portfolio_site_item_images_on_site_item_id" ON "portfolio_site_item_images" ("site_item_id")
  [1m[36m (0.6ms)[0m  [1mCREATE TABLE "portfolio_site_item_tags" ("id" INTEGER PRIMARY KEY AUTOINCREMENT NOT NULL, "key" varchar, "name" varchar, "created_at" datetime NOT NULL, "updated_at" datetime NOT NULL) [0m
  [1m[35m (0.6ms)[0m  CREATE TABLE "portfolio_site_item_tags_items" ("site_item_id" integer, "site_item_tag_id" integer) 
  [1m[36m (0.5ms)[0m  [1mCREATE  INDEX "index_portfolio_site_item_tags_items_on_site_item_id" ON "portfolio_site_item_tags_items" ("site_item_id")[0m
  [1m[35m (0.1ms)[0m              SELECT sql
            FROM sqlite_master
            WHERE name='index_portfolio_site_item_tags_items_on_site_item_id' AND type='index'
            UNION ALL
            SELECT sql
            FROM sqlite_temp_master
            WHERE name='index_portfolio_site_item_tags_items_on_site_item_id' AND type='index'

  [1m[36m (0.8ms)[0m  [1mCREATE  INDEX "index_portfolio_site_item_tags_items_on_site_item_tag_id" ON "portfolio_site_item_tags_items" ("site_item_tag_id")[0m
  [1m[35m (0.6ms)[0m  CREATE TABLE "portfolio_site_item_types" ("id" INTEGER PRIMARY KEY AUTOINCREMENT NOT NULL, "name" varchar NOT NULL, "created_at" datetime NOT NULL, "updated_at" datetime NOT NULL) 
  [1m[36m (0.6ms)[0m  [1mCREATE  INDEX "index_portfolio_site_item_types_on_name" ON "portfolio_site_item_types" ("name")[0m
  [1m[35m (0.6ms)[0m  CREATE TABLE "portfolio_site_items" ("id" INTEGER PRIMARY KEY AUTOINCREMENT NOT NULL, "site_id" integer NOT NULL, "site_item_type_id" integer NOT NULL, "title" varchar, "body" text, "url" varchar, "created_at" datetime NOT NULL, "updated_at" datetime NOT NULL, "site_item_category_id" integer, "featured" boolean DEFAULT 'f', "public" boolean DEFAULT 'f') 
  [1m[36m (0.6ms)[0m  [1mCREATE  INDEX "index_portfolio_site_items_on_site_id" ON "portfolio_site_items" ("site_id")[0m
  [1m[35m (0.1ms)[0m              SELECT sql
            FROM sqlite_master
            WHERE name='index_portfolio_site_items_on_site_id' AND type='index'
            UNION ALL
            SELECT sql
            FROM sqlite_temp_master
            WHERE name='index_portfolio_site_items_on_site_id' AND type='index'

  [1m[36m (0.5ms)[0m  [1mCREATE  INDEX "index_portfolio_site_items_on_site_item_type_id" ON "portfolio_site_items" ("site_item_type_id")[0m
  [1m[35m (0.6ms)[0m  CREATE TABLE "portfolio_site_menu_links" ("id" INTEGER PRIMARY KEY AUTOINCREMENT NOT NULL, "site_id" integer, "name" varchar, "url" varchar, "created_at" datetime NOT NULL, "updated_at" datetime NOT NULL) 
  [1m[36m (0.6ms)[0m  [1mCREATE  INDEX "index_portfolio_site_menu_links_on_site_id" ON "portfolio_site_menu_links" ("site_id")[0m
  [1m[35m (0.7ms)[0m  CREATE TABLE "portfolio_site_social_links" ("id" INTEGER PRIMARY KEY AUTOINCREMENT NOT NULL, "site_id" integer, "social_link_id" integer, "user_name" varchar, "created_at" datetime NOT NULL, "updated_at" datetime NOT NULL) 
  [1m[36m (0.6ms)[0m  [1mCREATE  INDEX "index_portfolio_site_social_links_on_site_id" ON "portfolio_site_social_links" ("site_id")[0m
  [1m[35m (0.1ms)[0m              SELECT sql
            FROM sqlite_master
            WHERE name='index_portfolio_site_social_links_on_site_id' AND type='index'
            UNION ALL
            SELECT sql
            FROM sqlite_temp_master
            WHERE name='index_portfolio_site_social_links_on_site_id' AND type='index'

  [1m[36m (0.6ms)[0m  [1mCREATE  INDEX "index_portfolio_site_social_links_on_social_link_id" ON "portfolio_site_social_links" ("social_link_id")[0m
  [1m[35m (0.7ms)[0m  CREATE TABLE "portfolio_sites" ("id" INTEGER PRIMARY KEY AUTOINCREMENT NOT NULL, "key" varchar NOT NULL, "person_name" varchar NOT NULL, "job_title" varchar NOT NULL, "greetings" varchar, "summary" text, "email" varchar, "default" boolean DEFAULT 'f', "avatar_file_name" varchar, "avatar_content_type" varchar, "avatar_file_size" integer, "avatar_updated_at" datetime, "created_at" datetime NOT NULL, "updated_at" datetime NOT NULL) 
  [1m[36m (0.6ms)[0m  [1mCREATE  INDEX "index_portfolio_sites_on_key" ON "portfolio_sites" ("key")[0m
  [1m[35m (0.6ms)[0m  CREATE TABLE "portfolio_social_links" ("id" INTEGER PRIMARY KEY AUTOINCREMENT NOT NULL, "name" varchar, "url_pattern" varchar, "image_file_name" varchar, "image_content_type" varchar, "image_file_size" integer, "image_updated_at" datetime, "created_at" datetime NOT NULL, "updated_at" datetime NOT NULL) 
  [1m[36m (0.6ms)[0m  [1mCREATE TABLE "schema_migrations" ("version" varchar NOT NULL) [0m
  [1m[35m (0.6ms)[0m  CREATE UNIQUE INDEX "unique_schema_migrations" ON "schema_migrations" ("version")
  [1m[36m (0.1ms)[0m  [1mSELECT version FROM "schema_migrations"[0m
  [1m[35m (0.6ms)[0m  INSERT INTO "schema_migrations" (version) VALUES ('20151203105347')
  [1m[36m (0.6ms)[0m  [1mINSERT INTO "schema_migrations" (version) VALUES ('20150714235507')[0m
  [1m[35m (0.5ms)[0m  INSERT INTO "schema_migrations" (version) VALUES ('20150916001106')
  [1m[36m (0.5ms)[0m  [1mINSERT INTO "schema_migrations" (version) VALUES ('20151124202355')[0m
  [1m[35m (0.7ms)[0m  INSERT INTO "schema_migrations" (version) VALUES ('20151124210602')
  [1m[36m (0.5ms)[0m  [1mINSERT INTO "schema_migrations" (version) VALUES ('20151125132700')[0m
  [1m[35m (0.5ms)[0m  INSERT INTO "schema_migrations" (version) VALUES ('20151125141154')
  [1m[36m (0.5ms)[0m  [1mINSERT INTO "schema_migrations" (version) VALUES ('20151125151535')[0m
  [1m[36mActiveRecord::SchemaMigration Load (0.1ms)[0m  [1mSELECT "schema_migrations".* FROM "schema_migrations"[0m
Migrating to AddTypeToSiteItem (20160126162607)
  [1m[35m (0.1ms)[0m  begin transaction
  [1m[36m (0.2ms)[0m  [1mALTER TABLE "site_items" ADD "type" varchar[0m
SQLite3::SQLException: no such table: site_items: ALTER TABLE "site_items" ADD "type" varchar
  [1m[35m (0.0ms)[0m  rollback transaction
  [1m[36mActiveRecord::SchemaMigration Load (0.1ms)[0m  [1mSELECT "schema_migrations".* FROM "schema_migrations"[0m
Migrating to AddTypeToSiteItem (20160126162607)
  [1m[35m (0.1ms)[0m  begin transaction
  [1m[36m (0.4ms)[0m  [1mALTER TABLE "portfolio_site_items" ADD "type" varchar[0m
  [1m[35mSQL (0.1ms)[0m  INSERT INTO "schema_migrations" ("version") VALUES (?)  [["version", "20160126162607"]]
  [1m[36m (1.6ms)[0m  [1mcommit transaction[0m
  [1m[35mActiveRecord::SchemaMigration Load (0.1ms)[0m  SELECT "schema_migrations".* FROM "schema_migrations"
  [1m[36m (0.2ms)[0m  [1m            SELECT sql
            FROM sqlite_master
            WHERE name='index_portfolio_admin_users_on_reset_password_token' AND type='index'
            UNION ALL
            SELECT sql
            FROM sqlite_temp_master
            WHERE name='index_portfolio_admin_users_on_reset_password_token' AND type='index'
[0m
  [1m[35m (0.1ms)[0m              SELECT sql
            FROM sqlite_master
            WHERE name='index_portfolio_admin_users_on_email' AND type='index'
            UNION ALL
            SELECT sql
            FROM sqlite_temp_master
            WHERE name='index_portfolio_admin_users_on_email' AND type='index'

  [1m[36m (0.1ms)[0m  [1m            SELECT sql
            FROM sqlite_master
            WHERE name='index_portfolio_site_item_images_on_site_item_id' AND type='index'
            UNION ALL
            SELECT sql
            FROM sqlite_temp_master
            WHERE name='index_portfolio_site_item_images_on_site_item_id' AND type='index'
[0m
  [1m[35m (0.1ms)[0m              SELECT sql
            FROM sqlite_master
            WHERE name='index_portfolio_site_item_tags_items_on_site_item_tag_id' AND type='index'
            UNION ALL
            SELECT sql
            FROM sqlite_temp_master
            WHERE name='index_portfolio_site_item_tags_items_on_site_item_tag_id' AND type='index'

  [1m[36m (0.1ms)[0m  [1m            SELECT sql
            FROM sqlite_master
            WHERE name='index_portfolio_site_item_tags_items_on_site_item_id' AND type='index'
            UNION ALL
            SELECT sql
            FROM sqlite_temp_master
            WHERE name='index_portfolio_site_item_tags_items_on_site_item_id' AND type='index'
[0m
  [1m[35m (0.1ms)[0m              SELECT sql
            FROM sqlite_master
            WHERE name='index_portfolio_site_item_types_on_name' AND type='index'
            UNION ALL
            SELECT sql
            FROM sqlite_temp_master
            WHERE name='index_portfolio_site_item_types_on_name' AND type='index'

  [1m[36m (0.1ms)[0m  [1m            SELECT sql
            FROM sqlite_master
            WHERE name='index_portfolio_site_items_on_site_item_type_id' AND type='index'
            UNION ALL
            SELECT sql
            FROM sqlite_temp_master
            WHERE name='index_portfolio_site_items_on_site_item_type_id' AND type='index'
[0m
  [1m[35m (0.1ms)[0m              SELECT sql
            FROM sqlite_master
            WHERE name='index_portfolio_site_items_on_site_id' AND type='index'
            UNION ALL
            SELECT sql
            FROM sqlite_temp_master
            WHERE name='index_portfolio_site_items_on_site_id' AND type='index'

  [1m[36m (0.1ms)[0m  [1m            SELECT sql
            FROM sqlite_master
            WHERE name='index_portfolio_site_menu_links_on_site_id' AND type='index'
            UNION ALL
            SELECT sql
            FROM sqlite_temp_master
            WHERE name='index_portfolio_site_menu_links_on_site_id' AND type='index'
[0m
  [1m[35m (0.1ms)[0m              SELECT sql
            FROM sqlite_master
            WHERE name='index_portfolio_site_social_links_on_social_link_id' AND type='index'
            UNION ALL
            SELECT sql
            FROM sqlite_temp_master
            WHERE name='index_portfolio_site_social_links_on_social_link_id' AND type='index'

  [1m[36m (0.1ms)[0m  [1m            SELECT sql
            FROM sqlite_master
            WHERE name='index_portfolio_site_social_links_on_site_id' AND type='index'
            UNION ALL
            SELECT sql
            FROM sqlite_temp_master
            WHERE name='index_portfolio_site_social_links_on_site_id' AND type='index'
[0m
  [1m[35m (0.1ms)[0m              SELECT sql
            FROM sqlite_master
            WHERE name='index_portfolio_sites_on_key' AND type='index'
            UNION ALL
            SELECT sql
            FROM sqlite_temp_master
            WHERE name='index_portfolio_sites_on_key' AND type='index'



Started GET "/" for ::1 at 2016-01-26 12:34:49 -0400
Processing by Rails::WelcomeController#index as HTML
  Rendered /Users/messutied/.rvm/gems/ruby-2.2.3/gems/railties-4.2.3/lib/rails/templates/rails/welcome/index.html.erb (1.5ms)
Completed 200 OK in 8ms (Views: 8.1ms | ActiveRecord: 0.0ms)


Started GET "/" for ::1 at 2016-01-26 12:36:02 -0400
Processing by Portfolio::SitesController#default as HTML
  [1m[36mPortfolio::Site Load (0.2ms)[0m  [1mSELECT  "portfolio_sites".* FROM "portfolio_sites" WHERE "portfolio_sites"."default" = ?  ORDER BY "portfolio_sites"."id" ASC LIMIT 1[0m  [["default", "t"]]
  Rendered /Users/messutied/Projects/portfolio/app/views/portfolio/sites/show.html.erb within layouts/portfolio/portfolio (0.9ms)
  Rendered /Users/messutied/Projects/portfolio/app/views/portfolio/shared/_footer.html.erb (0.4ms)
Completed 200 OK in 178ms (Views: 162.5ms | ActiveRecord: 1.5ms)


Started GET "/assets/application.self-8f06a73c35179188914ab50e057157639fce1401c1cdca640ac9cec33746fc5b.js?body=1" for ::1 at 2016-01-26 12:36:02 -0400


Started GET "/assets/application.self-e80e8f2318043e8af94dddc2adad5a4f09739a8ebb323b3ab31cd71d45fd9113.css?body=1" for ::1 at 2016-01-26 12:36:02 -0400


Started GET "/assets/portfolio/favicon-48f214c451cba0012656be5279d3532879dbd768f9af32dd456b071204b0745e.png" for ::1 at 2016-01-26 12:36:03 -0400


Started GET "/" for ::1 at 2016-01-26 12:37:37 -0400
Processing by Portfolio::SitesController#default as HTML
  [1m[35mPortfolio::Site Load (0.1ms)[0m  SELECT  "portfolio_sites".* FROM "portfolio_sites" WHERE "portfolio_sites"."default" = ?  ORDER BY "portfolio_sites"."id" ASC LIMIT 1  [["default", "t"]]
  Rendered /Users/messutied/Projects/portfolio/app/views/portfolio/sites/show.html.erb within layouts/portfolio/portfolio (0.0ms)
Completed 500 Internal Server Error in 1394ms (ActiveRecord: 0.6ms)

ActionView::Template::Error (File to import not found or unreadable: social_links.
Load paths:
  /Users/messutied/Projects/portfolio/spec/dummy/app/assets/images
  /Users/messutied/Projects/portfolio/spec/dummy/app/assets/javascripts
  /Users/messutied/Projects/portfolio/spec/dummy/app/assets/stylesheets
  /Users/messutied/Projects/portfolio/app/assets/images
  /Users/messutied/Projects/portfolio/app/assets/javascripts
  /Users/messutied/Projects/portfolio/app/assets/stylesheets
  /Users/messutied/.rvm/gems/ruby-2.2.3/gems/bootstrap-sass-3.3.3/assets/stylesheets
  /Users/messutied/.rvm/gems/ruby-2.2.3/gems/bootstrap-sass-3.3.3/assets/javascripts
  /Users/messutied/.rvm/gems/ruby-2.2.3/gems/bootstrap-sass-3.3.3/assets/fonts
  /Users/messutied/.rvm/gems/ruby-2.2.3/gems/bootstrap-sass-3.3.3/assets/images
  /Users/messutied/.rvm/gems/ruby-2.2.3/gems/bootstrap-sass-3.3.3/assets/stylesheets):
    13:       <script src="//cdnjs.cloudflare.com/ajax/libs/respond.js/1.3.0/respond.js" type="text/javascript"></script>
    14:     <![endif]-->
    15: 
    16:     <%= stylesheet_link_tag "application", :media => "all" %>
    17:     <link href='http://fonts.googleapis.com/css?family=Open+Sans:400,600' rel='stylesheet' type='text/css'>
    18: 
    19:     <!-- For third-generation iPad with high-resolution Retina display: -->
  /Users/messutied/Projects/portfolio/app/assets/stylesheets/portfolio/application.scss:8
  sass (3.4.16) lib/sass/tree/import_node.rb:67:in `rescue in import'
  sass (3.4.16) lib/sass/tree/import_node.rb:45:in `import'
  sass (3.4.16) lib/sass/tree/import_node.rb:28:in `imported_file'
  sass (3.4.16) lib/sass/tree/import_node.rb:37:in `css_import?'
  sass (3.4.16) lib/sass/tree/visitors/perform.rb:311:in `visit_import'
  sass (3.4.16) lib/sass/tree/visitors/base.rb:36:in `visit'
  sass (3.4.16) lib/sass/tree/visitors/perform.rb:158:in `block in visit'
  sass (3.4.16) lib/sass/stack.rb:79:in `block in with_base'
  sass (3.4.16) lib/sass/stack.rb:115:in `with_frame'
  sass (3.4.16) lib/sass/stack.rb:79:in `with_base'
  sass (3.4.16) lib/sass/tree/visitors/perform.rb:158:in `visit'
  sass (3.4.16) lib/sass/tree/visitors/base.rb:52:in `block in visit_children'
  sass (3.4.16) lib/sass/tree/visitors/base.rb:52:in `map'
  sass (3.4.16) lib/sass/tree/visitors/base.rb:52:in `visit_children'
  sass (3.4.16) lib/sass/tree/visitors/perform.rb:167:in `block in visit_children'
  sass (3.4.16) lib/sass/tree/visitors/perform.rb:179:in `with_environment'
  sass (3.4.16) lib/sass/tree/visitors/perform.rb:166:in `visit_children'
  sass (3.4.16) lib/sass/tree/visitors/base.rb:36:in `block in visit'
  sass (3.4.16) lib/sass/tree/visitors/perform.rb:186:in `visit_root'
  sass (3.4.16) lib/sass/tree/visitors/base.rb:36:in `visit'
  sass (3.4.16) lib/sass/tree/visitors/perform.rb:157:in `visit'
  sass (3.4.16) lib/sass/tree/visitors/perform.rb:8:in `visit'
  sass (3.4.16) lib/sass/tree/root_node.rb:36:in `css_tree'
  sass (3.4.16) lib/sass/tree/root_node.rb:20:in `render'
  sass (3.4.16) lib/sass/engine.rb:278:in `render'
  sprockets (3.3.0) lib/sprockets/sass_processor.rb:74:in `block in call'
  sprockets (3.3.0) lib/sprockets/utils.rb:154:in `module_include'
  sprockets (3.3.0) lib/sprockets/sass_processor.rb:73:in `call'
  sprockets (3.3.0) lib/sprockets/sass_processor.rb:30:in `call'
  sprockets (3.3.0) lib/sprockets/processor_utils.rb:75:in `call_processor'
  sprockets (3.3.0) lib/sprockets/processor_utils.rb:57:in `block in call_processors'
  sprockets (3.3.0) lib/sprockets/processor_utils.rb:56:in `reverse_each'
  sprockets (3.3.0) lib/sprockets/processor_utils.rb:56:in `call_processors'
  sprockets (3.3.0) lib/sprockets/loader.rb:254:in `load_from_unloaded'
  sprockets (3.3.0) lib/sprockets/loader.rb:206:in `block in load'
  sprockets (3.3.0) lib/sprockets/loader.rb:397:in `fetch_asset_from_dependency_cache'
  sprockets (3.3.0) lib/sprockets/loader.rb:190:in `load'
  sprockets (3.3.0) lib/sprockets/cached_environment.rb:20:in `block in initialize'
  sprockets (3.3.0) lib/sprockets/cached_environment.rb:47:in `yield'
  sprockets (3.3.0) lib/sprockets/cached_environment.rb:47:in `load'
  sprockets (3.3.0) lib/sprockets/bundle.rb:23:in `block in call'
  sprockets (3.3.0) lib/sprockets/utils.rb:183:in `dfs'
  sprockets (3.3.0) lib/sprockets/bundle.rb:24:in `call'
  sprockets (3.3.0) lib/sprockets/processor_utils.rb:75:in `call_processor'
  sprockets (3.3.0) lib/sprockets/processor_utils.rb:57:in `block in call_processors'
  sprockets (3.3.0) lib/sprockets/processor_utils.rb:56:in `reverse_each'
  sprockets (3.3.0) lib/sprockets/processor_utils.rb:56:in `call_processors'
  sprockets (3.3.0) lib/sprockets/loader.rb:254:in `load_from_unloaded'
  sprockets (3.3.0) lib/sprockets/loader.rb:206:in `block in load'
  sprockets (3.3.0) lib/sprockets/loader.rb:397:in `fetch_asset_from_dependency_cache'
  sprockets (3.3.0) lib/sprockets/loader.rb:190:in `load'
  sprockets (3.3.0) lib/sprockets/cached_environment.rb:20:in `block in initialize'
  sprockets (3.3.0) lib/sprockets/cached_environment.rb:47:in `yield'
  sprockets (3.3.0) lib/sprockets/cached_environment.rb:47:in `load'
  sprockets (3.3.0) lib/sprockets/base.rb:65:in `find_asset'
  sprockets (3.3.0) lib/sprockets/environment.rb:30:in `find_asset'
  sprockets (3.3.0) lib/sprockets/base.rb:91:in `[]'
  sprockets-rails (2.3.2) lib/sprockets/rails/helper.rb:230:in `lookup_asset_for_path'
  sprockets-rails (2.3.2) lib/sprockets/rails/helper.rb:190:in `check_errors_for'
  sprockets-rails (2.3.2) lib/sprockets/rails/helper.rb:159:in `block in stylesheet_link_tag'
  sprockets-rails (2.3.2) lib/sprockets/rails/helper.rb:158:in `map'
  sprockets-rails (2.3.2) lib/sprockets/rails/helper.rb:158:in `stylesheet_link_tag'
  /Users/messutied/Projects/portfolio/app/views/layouts/portfolio/portfolio.html.erb:16:in `___sers_messutied__rojects_portfolio_app_views_layouts_portfolio_portfolio_html_erb__4452046637212239894_70282458446300'
  actionview (4.2.3) lib/action_view/template.rb:145:in `block in render'
  activesupport (4.2.3) lib/active_support/notifications.rb:166:in `instrument'
  actionview (4.2.3) lib/action_view/template.rb:333:in `instrument'
  actionview (4.2.3) lib/action_view/template.rb:143:in `render'
  actionview (4.2.3) lib/action_view/renderer/template_renderer.rb:66:in `render_with_layout'
  actionview (4.2.3) lib/action_view/renderer/template_renderer.rb:52:in `render_template'
  actionview (4.2.3) lib/action_view/renderer/template_renderer.rb:14:in `render'
  actionview (4.2.3) lib/action_view/renderer/renderer.rb:42:in `render_template'
  actionview (4.2.3) lib/action_view/renderer/renderer.rb:23:in `render'
  actionview (4.2.3) lib/action_view/rendering.rb:100:in `_render_template'
  actionpack (4.2.3) lib/action_controller/metal/streaming.rb:217:in `_render_template'
  actionview (4.2.3) lib/action_view/rendering.rb:83:in `render_to_body'
  actionpack (4.2.3) lib/action_controller/metal/rendering.rb:32:in `render_to_body'
  actionpack (4.2.3) lib/action_controller/metal/renderers.rb:37:in `render_to_body'
  actionpack (4.2.3) lib/abstract_controller/rendering.rb:25:in `render'
  actionpack (4.2.3) lib/action_controller/metal/rendering.rb:16:in `render'
  actionpack (4.2.3) lib/action_controller/metal/instrumentation.rb:44:in `block (2 levels) in render'
  activesupport (4.2.3) lib/active_support/core_ext/benchmark.rb:12:in `block in ms'
  /Users/messutied/.rvm/rubies/ruby-2.2.3/lib/ruby/2.2.0/benchmark.rb:303:in `realtime'
  activesupport (4.2.3) lib/active_support/core_ext/benchmark.rb:12:in `ms'
  actionpack (4.2.3) lib/action_controller/metal/instrumentation.rb:44:in `block in render'
  actionpack (4.2.3) lib/action_controller/metal/instrumentation.rb:87:in `cleanup_view_runtime'
  activerecord (4.2.3) lib/active_record/railties/controller_runtime.rb:25:in `cleanup_view_runtime'
  actionpack (4.2.3) lib/action_controller/metal/instrumentation.rb:43:in `render'
  /Users/messutied/Projects/portfolio/app/controllers/portfolio/sites_controller.rb:15:in `default'
  actionpack (4.2.3) lib/action_controller/metal/implicit_render.rb:4:in `send_action'
  actionpack (4.2.3) lib/abstract_controller/base.rb:198:in `process_action'
  actionpack (4.2.3) lib/action_controller/metal/rendering.rb:10:in `process_action'
  actionpack (4.2.3) lib/abstract_controller/callbacks.rb:20:in `block in process_action'
  activesupport (4.2.3) lib/active_support/callbacks.rb:84:in `run_callbacks'
  actionpack (4.2.3) lib/abstract_controller/callbacks.rb:19:in `process_action'
  actionpack (4.2.3) lib/action_controller/metal/rescue.rb:29:in `process_action'
  actionpack (4.2.3) lib/action_controller/metal/instrumentation.rb:32:in `block in process_action'
  activesupport (4.2.3) lib/active_support/notifications.rb:164:in `block in instrument'
  activesupport (4.2.3) lib/active_support/notifications/instrumenter.rb:20:in `instrument'
  activesupport (4.2.3) lib/active_support/notifications.rb:164:in `instrument'
  actionpack (4.2.3) lib/action_controller/metal/instrumentation.rb:30:in `process_action'
  actionpack (4.2.3) lib/action_controller/metal/params_wrapper.rb:250:in `process_action'
  activerecord (4.2.3) lib/active_record/railties/controller_runtime.rb:18:in `process_action'
  actionpack (4.2.3) lib/abstract_controller/base.rb:137:in `process'
  actionview (4.2.3) lib/action_view/rendering.rb:30:in `process'
  actionpack (4.2.3) lib/action_controller/metal.rb:196:in `dispatch'
  actionpack (4.2.3) lib/action_controller/metal/rack_delegation.rb:13:in `dispatch'
  actionpack (4.2.3) lib/action_controller/metal.rb:237:in `block in action'
  actionpack (4.2.3) lib/action_dispatch/routing/route_set.rb:76:in `call'
  actionpack (4.2.3) lib/action_dispatch/routing/route_set.rb:76:in `dispatch'
  actionpack (4.2.3) lib/action_dispatch/routing/route_set.rb:45:in `serve'
  actionpack (4.2.3) lib/action_dispatch/journey/router.rb:43:in `block in serve'
  actionpack (4.2.3) lib/action_dispatch/journey/router.rb:30:in `each'
  actionpack (4.2.3) lib/action_dispatch/journey/router.rb:30:in `serve'
  actionpack (4.2.3) lib/action_dispatch/routing/route_set.rb:821:in `call'
  warden (1.2.3) lib/warden/manager.rb:35:in `block in call'
  warden (1.2.3) lib/warden/manager.rb:34:in `catch'
  warden (1.2.3) lib/warden/manager.rb:34:in `call'
  rack (1.6.4) lib/rack/etag.rb:24:in `call'
  rack (1.6.4) lib/rack/conditionalget.rb:25:in `call'
  rack (1.6.4) lib/rack/head.rb:13:in `call'
  actionpack (4.2.3) lib/action_dispatch/middleware/params_parser.rb:27:in `call'
  actionpack (4.2.3) lib/action_dispatch/middleware/flash.rb:260:in `call'
  rack (1.6.4) lib/rack/session/abstract/id.rb:225:in `context'
  rack (1.6.4) lib/rack/session/abstract/id.rb:220:in `call'
  actionpack (4.2.3) lib/action_dispatch/middleware/cookies.rb:560:in `call'
  activerecord (4.2.3) lib/active_record/query_cache.rb:36:in `call'
  activerecord (4.2.3) lib/active_record/connection_adapters/abstract/connection_pool.rb:653:in `call'
  activerecord (4.2.3) lib/active_record/migration.rb:377:in `call'
  actionpack (4.2.3) lib/action_dispatch/middleware/callbacks.rb:29:in `block in call'
  activesupport (4.2.3) lib/active_support/callbacks.rb:84:in `run_callbacks'
  actionpack (4.2.3) lib/action_dispatch/middleware/callbacks.rb:27:in `call'
  actionpack (4.2.3) lib/action_dispatch/middleware/reloader.rb:73:in `call'
  actionpack (4.2.3) lib/action_dispatch/middleware/remote_ip.rb:78:in `call'
  actionpack (4.2.3) lib/action_dispatch/middleware/debug_exceptions.rb:17:in `call'
  actionpack (4.2.3) lib/action_dispatch/middleware/show_exceptions.rb:30:in `call'
  railties (4.2.3) lib/rails/rack/logger.rb:38:in `call_app'
  railties (4.2.3) lib/rails/rack/logger.rb:20:in `block in call'
  activesupport (4.2.3) lib/active_support/tagged_logging.rb:68:in `block in tagged'
  activesupport (4.2.3) lib/active_support/tagged_logging.rb:26:in `tagged'
  activesupport (4.2.3) lib/active_support/tagged_logging.rb:68:in `tagged'
  railties (4.2.3) lib/rails/rack/logger.rb:20:in `call'
  actionpack (4.2.3) lib/action_dispatch/middleware/request_id.rb:21:in `call'
  rack (1.6.4) lib/rack/methodoverride.rb:22:in `call'
  rack (1.6.4) lib/rack/runtime.rb:18:in `call'
  activesupport (4.2.3) lib/active_support/cache/strategy/local_cache_middleware.rb:28:in `call'
  rack (1.6.4) lib/rack/lock.rb:17:in `call'
  actionpack (4.2.3) lib/action_dispatch/middleware/static.rb:116:in `call'
  rack (1.6.4) lib/rack/sendfile.rb:113:in `call'
  railties (4.2.3) lib/rails/engine.rb:518:in `call'
  railties (4.2.3) lib/rails/application.rb:165:in `call'
  rack (1.6.4) lib/rack/lock.rb:17:in `call'
  rack (1.6.4) lib/rack/content_length.rb:15:in `call'
  rack (1.6.4) lib/rack/handler/webrick.rb:88:in `service'
  /Users/messutied/.rvm/rubies/ruby-2.2.3/lib/ruby/2.2.0/webrick/httpserver.rb:138:in `service'
  /Users/messutied/.rvm/rubies/ruby-2.2.3/lib/ruby/2.2.0/webrick/httpserver.rb:94:in `run'
  /Users/messutied/.rvm/rubies/ruby-2.2.3/lib/ruby/2.2.0/webrick/server.rb:294:in `block in start_thread'


  Rendered /Users/messutied/.rvm/gems/ruby-2.2.3/gems/actionpack-4.2.3/lib/action_dispatch/middleware/templates/rescues/_source.erb (7.7ms)
  Rendered /Users/messutied/.rvm/gems/ruby-2.2.3/gems/actionpack-4.2.3/lib/action_dispatch/middleware/templates/rescues/_trace.html.erb (3.4ms)
  Rendered /Users/messutied/.rvm/gems/ruby-2.2.3/gems/actionpack-4.2.3/lib/action_dispatch/middleware/templates/rescues/_request_and_response.html.erb (1.6ms)
  Rendered /Users/messutied/.rvm/gems/ruby-2.2.3/gems/actionpack-4.2.3/lib/action_dispatch/middleware/templates/rescues/template_error.html.erb within rescues/layout (42.7ms)


Started GET "/" for ::1 at 2016-01-26 12:37:59 -0400
Processing by Portfolio::SitesController#default as HTML
  [1m[36mPortfolio::Site Load (0.2ms)[0m  [1mSELECT  "portfolio_sites".* FROM "portfolio_sites" WHERE "portfolio_sites"."default" = ?  ORDER BY "portfolio_sites"."id" ASC LIMIT 1[0m  [["default", "t"]]
  Rendered /Users/messutied/Projects/portfolio/app/views/portfolio/sites/show.html.erb within layouts/portfolio/portfolio (1.5ms)
Completed 500 Internal Server Error in 722ms (ActiveRecord: 1.6ms)

ActionView::Template::Error (File to import not found or unreadable: social_links.
Load paths:
  /Users/messutied/Projects/portfolio/spec/dummy/app/assets/images
  /Users/messutied/Projects/portfolio/spec/dummy/app/assets/javascripts
  /Users/messutied/Projects/portfolio/spec/dummy/app/assets/stylesheets
  /Users/messutied/Projects/portfolio/app/assets/images
  /Users/messutied/Projects/portfolio/app/assets/javascripts
  /Users/messutied/Projects/portfolio/app/assets/stylesheets
  /Users/messutied/.rvm/gems/ruby-2.2.3/gems/bootstrap-sass-3.3.3/assets/stylesheets
  /Users/messutied/.rvm/gems/ruby-2.2.3/gems/bootstrap-sass-3.3.3/assets/javascripts
  /Users/messutied/.rvm/gems/ruby-2.2.3/gems/bootstrap-sass-3.3.3/assets/fonts
  /Users/messutied/.rvm/gems/ruby-2.2.3/gems/bootstrap-sass-3.3.3/assets/images
  /Users/messutied/.rvm/gems/ruby-2.2.3/gems/bootstrap-sass-3.3.3/assets/stylesheets):
    13:       <script src="//cdnjs.cloudflare.com/ajax/libs/respond.js/1.3.0/respond.js" type="text/javascript"></script>
    14:     <![endif]-->
    15: 
    16:     <%= stylesheet_link_tag "application", :media => "all" %>
    17:     <link href='http://fonts.googleapis.com/css?family=Open+Sans:400,600' rel='stylesheet' type='text/css'>
    18: 
    19:     <!-- For third-generation iPad with high-resolution Retina display: -->
  /Users/messutied/Projects/portfolio/app/assets/stylesheets/portfolio/application.scss:8
  sass (3.4.16) lib/sass/tree/import_node.rb:67:in `rescue in import'
  sass (3.4.16) lib/sass/tree/import_node.rb:45:in `import'
  sass (3.4.16) lib/sass/tree/import_node.rb:28:in `imported_file'
  sass (3.4.16) lib/sass/tree/import_node.rb:37:in `css_import?'
  sass (3.4.16) lib/sass/tree/visitors/perform.rb:311:in `visit_import'
  sass (3.4.16) lib/sass/tree/visitors/base.rb:36:in `visit'
  sass (3.4.16) lib/sass/tree/visitors/perform.rb:158:in `block in visit'
  sass (3.4.16) lib/sass/stack.rb:79:in `block in with_base'
  sass (3.4.16) lib/sass/stack.rb:115:in `with_frame'
  sass (3.4.16) lib/sass/stack.rb:79:in `with_base'
  sass (3.4.16) lib/sass/tree/visitors/perform.rb:158:in `visit'
  sass (3.4.16) lib/sass/tree/visitors/base.rb:52:in `block in visit_children'
  sass (3.4.16) lib/sass/tree/visitors/base.rb:52:in `map'
  sass (3.4.16) lib/sass/tree/visitors/base.rb:52:in `visit_children'
  sass (3.4.16) lib/sass/tree/visitors/perform.rb:167:in `block in visit_children'
  sass (3.4.16) lib/sass/tree/visitors/perform.rb:179:in `with_environment'
  sass (3.4.16) lib/sass/tree/visitors/perform.rb:166:in `visit_children'
  sass (3.4.16) lib/sass/tree/visitors/base.rb:36:in `block in visit'
  sass (3.4.16) lib/sass/tree/visitors/perform.rb:186:in `visit_root'
  sass (3.4.16) lib/sass/tree/visitors/base.rb:36:in `visit'
  sass (3.4.16) lib/sass/tree/visitors/perform.rb:157:in `visit'
  sass (3.4.16) lib/sass/tree/visitors/perform.rb:8:in `visit'
  sass (3.4.16) lib/sass/tree/root_node.rb:36:in `css_tree'
  sass (3.4.16) lib/sass/tree/root_node.rb:20:in `render'
  sass (3.4.16) lib/sass/engine.rb:278:in `render'
  sprockets (3.3.0) lib/sprockets/sass_processor.rb:74:in `block in call'
  sprockets (3.3.0) lib/sprockets/utils.rb:154:in `module_include'
  sprockets (3.3.0) lib/sprockets/sass_processor.rb:73:in `call'
  sprockets (3.3.0) lib/sprockets/sass_processor.rb:30:in `call'
  sprockets (3.3.0) lib/sprockets/processor_utils.rb:75:in `call_processor'
  sprockets (3.3.0) lib/sprockets/processor_utils.rb:57:in `block in call_processors'
  sprockets (3.3.0) lib/sprockets/processor_utils.rb:56:in `reverse_each'
  sprockets (3.3.0) lib/sprockets/processor_utils.rb:56:in `call_processors'
  sprockets (3.3.0) lib/sprockets/loader.rb:254:in `load_from_unloaded'
  sprockets (3.3.0) lib/sprockets/loader.rb:206:in `block in load'
  sprockets (3.3.0) lib/sprockets/loader.rb:397:in `fetch_asset_from_dependency_cache'
  sprockets (3.3.0) lib/sprockets/loader.rb:190:in `load'
  sprockets (3.3.0) lib/sprockets/cached_environment.rb:20:in `block in initialize'
  sprockets (3.3.0) lib/sprockets/cached_environment.rb:47:in `yield'
  sprockets (3.3.0) lib/sprockets/cached_environment.rb:47:in `load'
  sprockets (3.3.0) lib/sprockets/bundle.rb:23:in `block in call'
  sprockets (3.3.0) lib/sprockets/utils.rb:183:in `dfs'
  sprockets (3.3.0) lib/sprockets/bundle.rb:24:in `call'
  sprockets (3.3.0) lib/sprockets/processor_utils.rb:75:in `call_processor'
  sprockets (3.3.0) lib/sprockets/processor_utils.rb:57:in `block in call_processors'
  sprockets (3.3.0) lib/sprockets/processor_utils.rb:56:in `reverse_each'
  sprockets (3.3.0) lib/sprockets/processor_utils.rb:56:in `call_processors'
  sprockets (3.3.0) lib/sprockets/loader.rb:254:in `load_from_unloaded'
  sprockets (3.3.0) lib/sprockets/loader.rb:206:in `block in load'
  sprockets (3.3.0) lib/sprockets/loader.rb:397:in `fetch_asset_from_dependency_cache'
  sprockets (3.3.0) lib/sprockets/loader.rb:190:in `load'
  sprockets (3.3.0) lib/sprockets/cached_environment.rb:20:in `block in initialize'
  sprockets (3.3.0) lib/sprockets/cached_environment.rb:47:in `yield'
  sprockets (3.3.0) lib/sprockets/cached_environment.rb:47:in `load'
  sprockets (3.3.0) lib/sprockets/base.rb:65:in `find_asset'
  sprockets (3.3.0) lib/sprockets/environment.rb:30:in `find_asset'
  sprockets (3.3.0) lib/sprockets/base.rb:91:in `[]'
  sprockets-rails (2.3.2) lib/sprockets/rails/helper.rb:230:in `lookup_asset_for_path'
  sprockets-rails (2.3.2) lib/sprockets/rails/helper.rb:190:in `check_errors_for'
  sprockets-rails (2.3.2) lib/sprockets/rails/helper.rb:159:in `block in stylesheet_link_tag'
  sprockets-rails (2.3.2) lib/sprockets/rails/helper.rb:158:in `map'
  sprockets-rails (2.3.2) lib/sprockets/rails/helper.rb:158:in `stylesheet_link_tag'
  /Users/messutied/Projects/portfolio/app/views/layouts/portfolio/portfolio.html.erb:16:in `___sers_messutied__rojects_portfolio_app_views_layouts_portfolio_portfolio_html_erb__1514278799360338654_70110275374740'
  actionview (4.2.3) lib/action_view/template.rb:145:in `block in render'
  activesupport (4.2.3) lib/active_support/notifications.rb:166:in `instrument'
  actionview (4.2.3) lib/action_view/template.rb:333:in `instrument'
  actionview (4.2.3) lib/action_view/template.rb:143:in `render'
  actionview (4.2.3) lib/action_view/renderer/template_renderer.rb:66:in `render_with_layout'
  actionview (4.2.3) lib/action_view/renderer/template_renderer.rb:52:in `render_template'
  actionview (4.2.3) lib/action_view/renderer/template_renderer.rb:14:in `render'
  actionview (4.2.3) lib/action_view/renderer/renderer.rb:42:in `render_template'
  actionview (4.2.3) lib/action_view/renderer/renderer.rb:23:in `render'
  actionview (4.2.3) lib/action_view/rendering.rb:100:in `_render_template'
  actionpack (4.2.3) lib/action_controller/metal/streaming.rb:217:in `_render_template'
  actionview (4.2.3) lib/action_view/rendering.rb:83:in `render_to_body'
  actionpack (4.2.3) lib/action_controller/metal/rendering.rb:32:in `render_to_body'
  actionpack (4.2.3) lib/action_controller/metal/renderers.rb:37:in `render_to_body'
  actionpack (4.2.3) lib/abstract_controller/rendering.rb:25:in `render'
  actionpack (4.2.3) lib/action_controller/metal/rendering.rb:16:in `render'
  actionpack (4.2.3) lib/action_controller/metal/instrumentation.rb:44:in `block (2 levels) in render'
  activesupport (4.2.3) lib/active_support/core_ext/benchmark.rb:12:in `block in ms'
  /Users/messutied/.rvm/rubies/ruby-2.2.3/lib/ruby/2.2.0/benchmark.rb:303:in `realtime'
  activesupport (4.2.3) lib/active_support/core_ext/benchmark.rb:12:in `ms'
  actionpack (4.2.3) lib/action_controller/metal/instrumentation.rb:44:in `block in render'
  actionpack (4.2.3) lib/action_controller/metal/instrumentation.rb:87:in `cleanup_view_runtime'
  activerecord (4.2.3) lib/active_record/railties/controller_runtime.rb:25:in `cleanup_view_runtime'
  actionpack (4.2.3) lib/action_controller/metal/instrumentation.rb:43:in `render'
  /Users/messutied/Projects/portfolio/app/controllers/portfolio/sites_controller.rb:15:in `default'
  actionpack (4.2.3) lib/action_controller/metal/implicit_render.rb:4:in `send_action'
  actionpack (4.2.3) lib/abstract_controller/base.rb:198:in `process_action'
  actionpack (4.2.3) lib/action_controller/metal/rendering.rb:10:in `process_action'
  actionpack (4.2.3) lib/abstract_controller/callbacks.rb:20:in `block in process_action'
  activesupport (4.2.3) lib/active_support/callbacks.rb:84:in `run_callbacks'
  actionpack (4.2.3) lib/abstract_controller/callbacks.rb:19:in `process_action'
  actionpack (4.2.3) lib/action_controller/metal/rescue.rb:29:in `process_action'
  actionpack (4.2.3) lib/action_controller/metal/instrumentation.rb:32:in `block in process_action'
  activesupport (4.2.3) lib/active_support/notifications.rb:164:in `block in instrument'
  activesupport (4.2.3) lib/active_support/notifications/instrumenter.rb:20:in `instrument'
  activesupport (4.2.3) lib/active_support/notifications.rb:164:in `instrument'
  actionpack (4.2.3) lib/action_controller/metal/instrumentation.rb:30:in `process_action'
  actionpack (4.2.3) lib/action_controller/metal/params_wrapper.rb:250:in `process_action'
  activerecord (4.2.3) lib/active_record/railties/controller_runtime.rb:18:in `process_action'
  actionpack (4.2.3) lib/abstract_controller/base.rb:137:in `process'
  actionview (4.2.3) lib/action_view/rendering.rb:30:in `process'
  actionpack (4.2.3) lib/action_controller/metal.rb:196:in `dispatch'
  actionpack (4.2.3) lib/action_controller/metal/rack_delegation.rb:13:in `dispatch'
  actionpack (4.2.3) lib/action_controller/metal.rb:237:in `block in action'
  actionpack (4.2.3) lib/action_dispatch/routing/route_set.rb:76:in `call'
  actionpack (4.2.3) lib/action_dispatch/routing/route_set.rb:76:in `dispatch'
  actionpack (4.2.3) lib/action_dispatch/routing/route_set.rb:45:in `serve'
  actionpack (4.2.3) lib/action_dispatch/journey/router.rb:43:in `block in serve'
  actionpack (4.2.3) lib/action_dispatch/journey/router.rb:30:in `each'
  actionpack (4.2.3) lib/action_dispatch/journey/router.rb:30:in `serve'
  actionpack (4.2.3) lib/action_dispatch/routing/route_set.rb:821:in `call'
  warden (1.2.3) lib/warden/manager.rb:35:in `block in call'
  warden (1.2.3) lib/warden/manager.rb:34:in `catch'
  warden (1.2.3) lib/warden/manager.rb:34:in `call'
  rack (1.6.4) lib/rack/etag.rb:24:in `call'
  rack (1.6.4) lib/rack/conditionalget.rb:25:in `call'
  rack (1.6.4) lib/rack/head.rb:13:in `call'
  actionpack (4.2.3) lib/action_dispatch/middleware/params_parser.rb:27:in `call'
  actionpack (4.2.3) lib/action_dispatch/middleware/flash.rb:260:in `call'
  rack (1.6.4) lib/rack/session/abstract/id.rb:225:in `context'
  rack (1.6.4) lib/rack/session/abstract/id.rb:220:in `call'
  actionpack (4.2.3) lib/action_dispatch/middleware/cookies.rb:560:in `call'
  activerecord (4.2.3) lib/active_record/query_cache.rb:36:in `call'
  activerecord (4.2.3) lib/active_record/connection_adapters/abstract/connection_pool.rb:653:in `call'
  activerecord (4.2.3) lib/active_record/migration.rb:377:in `call'
  actionpack (4.2.3) lib/action_dispatch/middleware/callbacks.rb:29:in `block in call'
  activesupport (4.2.3) lib/active_support/callbacks.rb:84:in `run_callbacks'
  actionpack (4.2.3) lib/action_dispatch/middleware/callbacks.rb:27:in `call'
  actionpack (4.2.3) lib/action_dispatch/middleware/reloader.rb:73:in `call'
  actionpack (4.2.3) lib/action_dispatch/middleware/remote_ip.rb:78:in `call'
  actionpack (4.2.3) lib/action_dispatch/middleware/debug_exceptions.rb:17:in `call'
  actionpack (4.2.3) lib/action_dispatch/middleware/show_exceptions.rb:30:in `call'
  railties (4.2.3) lib/rails/rack/logger.rb:38:in `call_app'
  railties (4.2.3) lib/rails/rack/logger.rb:20:in `block in call'
  activesupport (4.2.3) lib/active_support/tagged_logging.rb:68:in `block in tagged'
  activesupport (4.2.3) lib/active_support/tagged_logging.rb:26:in `tagged'
  activesupport (4.2.3) lib/active_support/tagged_logging.rb:68:in `tagged'
  railties (4.2.3) lib/rails/rack/logger.rb:20:in `call'
  actionpack (4.2.3) lib/action_dispatch/middleware/request_id.rb:21:in `call'
  rack (1.6.4) lib/rack/methodoverride.rb:22:in `call'
  rack (1.6.4) lib/rack/runtime.rb:18:in `call'
  activesupport (4.2.3) lib/active_support/cache/strategy/local_cache_middleware.rb:28:in `call'
  rack (1.6.4) lib/rack/lock.rb:17:in `call'
  actionpack (4.2.3) lib/action_dispatch/middleware/static.rb:116:in `call'
  rack (1.6.4) lib/rack/sendfile.rb:113:in `call'
  railties (4.2.3) lib/rails/engine.rb:518:in `call'
  railties (4.2.3) lib/rails/application.rb:165:in `call'
  rack (1.6.4) lib/rack/lock.rb:17:in `call'
  rack (1.6.4) lib/rack/content_length.rb:15:in `call'
  rack (1.6.4) lib/rack/handler/webrick.rb:88:in `service'
  /Users/messutied/.rvm/rubies/ruby-2.2.3/lib/ruby/2.2.0/webrick/httpserver.rb:138:in `service'
  /Users/messutied/.rvm/rubies/ruby-2.2.3/lib/ruby/2.2.0/webrick/httpserver.rb:94:in `run'
  /Users/messutied/.rvm/rubies/ruby-2.2.3/lib/ruby/2.2.0/webrick/server.rb:294:in `block in start_thread'


  Rendered /Users/messutied/.rvm/gems/ruby-2.2.3/gems/actionpack-4.2.3/lib/action_dispatch/middleware/templates/rescues/_source.erb (6.4ms)
  Rendered /Users/messutied/.rvm/gems/ruby-2.2.3/gems/actionpack-4.2.3/lib/action_dispatch/middleware/templates/rescues/_trace.html.erb (2.3ms)
  Rendered /Users/messutied/.rvm/gems/ruby-2.2.3/gems/actionpack-4.2.3/lib/action_dispatch/middleware/templates/rescues/_request_and_response.html.erb (0.8ms)
  Rendered /Users/messutied/.rvm/gems/ruby-2.2.3/gems/actionpack-4.2.3/lib/action_dispatch/middleware/templates/rescues/template_error.html.erb within rescues/layout (35.2ms)


Started GET "/" for ::1 at 2016-01-26 12:38:50 -0400
Processing by Portfolio::SitesController#default as HTML
  [1m[35mPortfolio::Site Load (0.1ms)[0m  SELECT  "portfolio_sites".* FROM "portfolio_sites" WHERE "portfolio_sites"."default" = ?  ORDER BY "portfolio_sites"."id" ASC LIMIT 1  [["default", "t"]]
  Rendered /Users/messutied/Projects/portfolio/app/views/portfolio/sites/show.html.erb within layouts/portfolio/portfolio (0.0ms)
  Rendered /Users/messutied/Projects/portfolio/app/views/portfolio/shared/_footer.html.erb (0.5ms)
Completed 200 OK in 1098ms (Views: 1097.7ms | ActiveRecord: 0.1ms)


Started GET "/assets/portfolio/application.self-e65baddb1946a8fc702e4e025d1985ab94242b0e87036b046b759333f8f58d7a.css?body=1" for ::1 at 2016-01-26 12:38:52 -0400


Started GET "/assets/application.self-8f06a73c35179188914ab50e057157639fce1401c1cdca640ac9cec33746fc5b.js?body=1" for ::1 at 2016-01-26 12:38:52 -0400


Started GET "/assets/application.self-d885a0a66bd595c10edb24f8879f94e334d88be0730c4d7c7a7b57c731c09037.css?body=1" for ::1 at 2016-01-26 12:38:52 -0400


Started GET "/assets/portfolio/favicon-48f214c451cba0012656be5279d3532879dbd768f9af32dd456b071204b0745e.png" for ::1 at 2016-01-26 12:38:52 -0400
  [1m[36m (0.1ms)[0m  [1mbegin transaction[0m
  [1m[35mPortfolio::AdminUser Exists (0.1ms)[0m  SELECT  1 AS one FROM "portfolio_admin_users" WHERE "portfolio_admin_users"."email" = 'admin@edd.bz' LIMIT 1
  [1m[36m (0.1ms)[0m  [1mrollback transaction[0m
  [1m[35mPortfolio::AdminUser Exists (0.1ms)[0m  SELECT  1 AS one FROM "portfolio_admin_users" WHERE "portfolio_admin_users"."email" = 'admin@edd.bz' LIMIT 1
  [1m[36m (0.1ms)[0m  [1mbegin transaction[0m
  [1m[35mPortfolio::AdminUser Exists (0.1ms)[0m  SELECT  1 AS one FROM "portfolio_admin_users" WHERE "portfolio_admin_users"."email" = 'admin@edd.bz' LIMIT 1
  [1m[36mSQL (0.4ms)[0m  [1mINSERT INTO "portfolio_admin_users" ("email", "encrypted_password", "created_at", "updated_at") VALUES (?, ?, ?, ?)[0m  [["email", "admin@edd.bz"], ["encrypted_password", "$2a$10$Kk.k1gb494btrx5R8tCa3u5s4CqwZHmjIY926eaFooqpUqUabO35y"], ["created_at", "2016-01-26 16:40:10.707233"], ["updated_at", "2016-01-26 16:40:10.707233"]]
  [1m[35m (1.5ms)[0m  commit transaction


Started GET "/admin" for ::1 at 2016-01-26 12:40:16 -0400
Processing by Portfolio::Admin::SitesController#index as HTML
Completed 401 Unauthorized in 5ms (ActiveRecord: 0.0ms)


Started GET "/admin_users/sign_in" for ::1 at 2016-01-26 12:40:16 -0400
Processing by Devise::SessionsController#new as HTML
  Rendered /Users/messutied/.rvm/gems/ruby-2.2.3/gems/devise-3.5.1/app/views/devise/shared/_links.html.erb (1.6ms)
  Rendered /Users/messutied/Projects/portfolio/app/views/devise/sessions/new.html.erb within layouts/portfolio/portfolio (21.1ms)
  Rendered /Users/messutied/Projects/portfolio/app/views/portfolio/shared/_footer.html.erb (0.1ms)
Completed 200 OK in 61ms (Views: 51.0ms | ActiveRecord: 0.2ms)


Started POST "/admin_users/sign_in" for ::1 at 2016-01-26 12:40:23 -0400
Processing by Devise::SessionsController#create as HTML
  Parameters: {"utf8"=>"✓", "authenticity_token"=>"YqfGjvvO7wFng5yGXHWlvdDCnnVtnqYdJ+r982cewdY23hqjLUG1+fJ4RHStqVvtTvdlJnUSIJIl94MT6IR92g==", "admin_user"=>{"email"=>"admin@edd.bz", "password"=>"[FILTERED]", "remember_me"=>"1"}, "commit"=>"Log in"}
  [1m[36mPortfolio::AdminUser Load (0.4ms)[0m  [1mSELECT  "portfolio_admin_users".* FROM "portfolio_admin_users" WHERE "portfolio_admin_users"."email" = ?  ORDER BY "portfolio_admin_users"."id" ASC LIMIT 1[0m  [["email", "admin@edd.bz"]]
  [1m[35m (0.1ms)[0m  begin transaction
  [1m[36mSQL (0.4ms)[0m  [1mUPDATE "portfolio_admin_users" SET "remember_created_at" = ?, "updated_at" = ? WHERE "portfolio_admin_users"."id" = ?[0m  [["remember_created_at", "2016-01-26 16:40:23.278853"], ["updated_at", "2016-01-26 16:40:23.279747"], ["id", 1]]
  [1m[35m (0.5ms)[0m  commit transaction
  [1m[36m (0.0ms)[0m  [1mbegin transaction[0m
  [1m[35mSQL (0.3ms)[0m  UPDATE "portfolio_admin_users" SET "last_sign_in_at" = ?, "current_sign_in_at" = ?, "last_sign_in_ip" = ?, "current_sign_in_ip" = ?, "sign_in_count" = ?, "updated_at" = ? WHERE "portfolio_admin_users"."id" = ?  [["last_sign_in_at", "2016-01-26 16:40:23.283356"], ["current_sign_in_at", "2016-01-26 16:40:23.283356"], ["last_sign_in_ip", "::1"], ["current_sign_in_ip", "::1"], ["sign_in_count", 1], ["updated_at", "2016-01-26 16:40:23.284119"], ["id", 1]]
  [1m[36m (0.6ms)[0m  [1mcommit transaction[0m
Redirected to http://localhost:3000/admin
Completed 302 Found in 81ms (ActiveRecord: 2.3ms)


Started GET "/admin" for ::1 at 2016-01-26 12:40:23 -0400
Processing by Portfolio::Admin::SitesController#index as HTML
  [1m[35mPortfolio::AdminUser Load (0.2ms)[0m  SELECT  "portfolio_admin_users".* FROM "portfolio_admin_users" WHERE "portfolio_admin_users"."id" = ?  ORDER BY "portfolio_admin_users"."id" ASC LIMIT 1  [["id", 1]]
  [1m[36mPortfolio::Site Load (0.1ms)[0m  [1mSELECT "portfolio_sites".* FROM "portfolio_sites"[0m
  Rendered /Users/messutied/Projects/portfolio/app/views/portfolio/admin/sites/index.html.erb within layouts/portfolio/portfolio (1.4ms)
  Rendered /Users/messutied/Projects/portfolio/app/views/portfolio/shared/_admin_header.html.erb (1.1ms)
  Rendered /Users/messutied/Projects/portfolio/app/views/portfolio/shared/_footer.html.erb (0.1ms)
Completed 200 OK in 35ms (Views: 32.7ms | ActiveRecord: 0.3ms)


Started GET "/admin/sites/new" for ::1 at 2016-01-26 12:40:25 -0400
Processing by Portfolio::Admin::SitesController#new as HTML
  [1m[35mPortfolio::AdminUser Load (0.3ms)[0m  SELECT  "portfolio_admin_users".* FROM "portfolio_admin_users" WHERE "portfolio_admin_users"."id" = ?  ORDER BY "portfolio_admin_users"."id" ASC LIMIT 1  [["id", 1]]
  Rendered /Users/messutied/Projects/portfolio/app/views/portfolio/shared/_form_errors.html.erb (0.4ms)
  Rendered /Users/messutied/Projects/portfolio/app/views/portfolio/admin/sites/_form.html.erb (12.0ms)
  Rendered /Users/messutied/Projects/portfolio/app/views/portfolio/admin/sites/new.html.erb within layouts/portfolio/portfolio (13.8ms)
  Rendered /Users/messutied/Projects/portfolio/app/views/portfolio/shared/_admin_header.html.erb (0.6ms)
  Rendered /Users/messutied/Projects/portfolio/app/views/portfolio/shared/_footer.html.erb (0.2ms)
Completed 200 OK in 58ms (Views: 49.2ms | ActiveRecord: 0.3ms)
  [1m[36mPortfolio::SiteItem Load (0.1ms)[0m  [1mSELECT  "portfolio_site_items".* FROM "portfolio_site_items"  ORDER BY "portfolio_site_items"."id" ASC LIMIT 1[0m
